<<<<<<< HEAD
c:\users\frias\github\poo_tp\tp_poo\x64\debug\vc141.pdb
c:\users\frias\github\poo_tp\tp_poo\x64\debug\vc141.idb
c:\users\frias\github\poo_tp\tp_poo\x64\debug\veleiro.obj
c:\users\frias\github\poo_tp\tp_poo\x64\debug\terra.obj
c:\users\frias\github\poo_tp\tp_poo\x64\debug\tartaruga.obj
c:\users\frias\github\poo_tp\tp_poo\x64\debug\superficie.obj
c:\users\frias\github\poo_tp\tp_poo\x64\debug\porto.obj
c:\users\frias\github\poo_tp\tp_poo\x64\debug\navios.obj
c:\users\frias\github\poo_tp\tp_poo\x64\debug\mundo.obj
c:\users\frias\github\poo_tp\tp_poo\x64\debug\motim.obj
c:\users\frias\github\poo_tp\tp_poo\x64\debug\mar.obj
c:\users\frias\github\poo_tp\tp_poo\x64\debug\main.obj
c:\users\frias\github\poo_tp\tp_poo\x64\debug\jogador.obj
c:\users\frias\github\poo_tp\tp_poo\x64\debug\interface.obj
c:\users\frias\github\poo_tp\tp_poo\x64\debug\galeao.obj
c:\users\frias\github\poo_tp\tp_poo\x64\debug\fragata.obj
c:\users\frias\github\poo_tp\tp_poo\x64\debug\eventos.obj
c:\users\frias\github\poo_tp\tp_poo\x64\debug\escuna.obj
c:\users\frias\github\poo_tp\tp_poo\x64\debug\consola.obj
c:\users\frias\github\poo_tp\tp_poo\x64\debug\calmaria.obj
c:\users\frias\github\poo_tp\x64\debug\tp_poo.exe
c:\users\frias\github\poo_tp\x64\debug\tp_poo.ilk
c:\users\frias\github\poo_tp\x64\debug\tp_poo.pdb
c:\users\frias\github\poo_tp\tp_poo\x64\debug\tp_poo.tlog\cl.command.1.tlog
c:\users\frias\github\poo_tp\tp_poo\x64\debug\tp_poo.tlog\cl.read.1.tlog
c:\users\frias\github\poo_tp\tp_poo\x64\debug\tp_poo.tlog\cl.write.1.tlog
c:\users\frias\github\poo_tp\tp_poo\x64\debug\tp_poo.tlog\link.command.1.tlog
c:\users\frias\github\poo_tp\tp_poo\x64\debug\tp_poo.tlog\link.read.1.tlog
c:\users\frias\github\poo_tp\tp_poo\x64\debug\tp_poo.tlog\link.write.1.tlog
=======
c:\users\jpsd\source\repos\poo_tp\tp_poo\x64\debug\vc141.pdb
c:\users\jpsd\source\repos\poo_tp\tp_poo\x64\debug\vc141.idb
c:\users\jpsd\source\repos\poo_tp\tp_poo\x64\debug\veleiro.obj
c:\users\jpsd\source\repos\poo_tp\tp_poo\x64\debug\terra.obj
c:\users\jpsd\source\repos\poo_tp\tp_poo\x64\debug\tartaruga.obj
c:\users\jpsd\source\repos\poo_tp\tp_poo\x64\debug\superficie.obj
c:\users\jpsd\source\repos\poo_tp\tp_poo\x64\debug\porto.obj
c:\users\jpsd\source\repos\poo_tp\tp_poo\x64\debug\navios.obj
c:\users\jpsd\source\repos\poo_tp\tp_poo\x64\debug\mundo.obj
c:\users\jpsd\source\repos\poo_tp\tp_poo\x64\debug\motim.obj
c:\users\jpsd\source\repos\poo_tp\tp_poo\x64\debug\mar.obj
c:\users\jpsd\source\repos\poo_tp\tp_poo\x64\debug\main.obj
c:\users\jpsd\source\repos\poo_tp\tp_poo\x64\debug\jogador.obj
c:\users\jpsd\source\repos\poo_tp\tp_poo\x64\debug\interface.obj
c:\users\jpsd\source\repos\poo_tp\tp_poo\x64\debug\galeao.obj
c:\users\jpsd\source\repos\poo_tp\tp_poo\x64\debug\fragata.obj
c:\users\jpsd\source\repos\poo_tp\tp_poo\x64\debug\eventos.obj
c:\users\jpsd\source\repos\poo_tp\tp_poo\x64\debug\escuna.obj
c:\users\jpsd\source\repos\poo_tp\tp_poo\x64\debug\consola.obj
c:\users\jpsd\source\repos\poo_tp\tp_poo\x64\debug\calmaria.obj
c:\users\jpsd\source\repos\poo_tp\x64\debug\tp_poo.ilk
c:\users\jpsd\source\repos\poo_tp\x64\debug\tp_poo.exe
c:\users\jpsd\source\repos\poo_tp\x64\debug\tp_poo.pdb
c:\users\jpsd\source\repos\poo_tp\tp_poo\x64\debug\tp_poo.tlog\cl.command.1.tlog
c:\users\jpsd\source\repos\poo_tp\tp_poo\x64\debug\tp_poo.tlog\cl.read.1.tlog
c:\users\jpsd\source\repos\poo_tp\tp_poo\x64\debug\tp_poo.tlog\cl.write.1.tlog
c:\users\jpsd\source\repos\poo_tp\tp_poo\x64\debug\tp_poo.tlog\link.command.1.tlog
c:\users\jpsd\source\repos\poo_tp\tp_poo\x64\debug\tp_poo.tlog\link.read.1.tlog
c:\users\jpsd\source\repos\poo_tp\tp_poo\x64\debug\tp_poo.tlog\link.write.1.tlog
>>>>>>> master
